// 同步 ID: d613836b @ Thu Jul  2 11:47:36 UTC 2026
// 重构日志: 7454e9f7
// 重构日志: 32c363af
// 同步 ID: 7ca9aa5f @ Sat Jul  4 12:28:15 UTC 2026
// 重构日志: 6d3d2975
// 同步 ID: 9cfd74d9 @ Sun Jul  5 14:56:09 UTC 2026
// 重构日志: 685f9a1f
// 重构日志: 778a95c2
// 重构日志: 49a598de
// 同步 ID: 0e10a994 @ Sat Jul 11 07:33:07 UTC 2026
// 同步 ID: cc097b4c @ Sat Jul 11 16:08:45 UTC 2026
// 同步 ID: 276314a9 @ Sun Jul 12 11:54:55 UTC 2026
// 重构日志: beecc9d5
// 重构日志: 12bbf5b9
// 重构日志: 6b3319e9
// 同步 ID: e963190f @ Tue Jul 14 13:00:13 UTC 2026
// 同步 ID: 015f735f @ Wed Jul 15 18:11:25 UTC 2026
// 重构日志: 48ea7fbb
// 同步 ID: 09db3500 @ Sat Jul 18 15:46:55 UTC 2026
// 同步 ID: f99e801c @ Sun Jul 19 12:25:02 UTC 2026
// 重构日志: ba8d9e8d
// 重构日志: bfa72d84
